This is pdfTeX, Version 3.141592653-2.6-1.40.22 (TeX Live 2021) (preloaded format=pdflatex 2021.10.28)  15 FEB 2022 21:16
entering extended mode
 restricted \write18 enabled.
 %&-line parsing enabled.
**Part2_RINLA.tex
(./Part2_RINLA.tex
LaTeX2e <2020-10-01> patch level 4
L3 programming layer <2021-02-18>
(/usr/local/texlive/2021/texmf-dist/tex/latex/beamer/beamer.cls
Document Class: beamer 2021/03/19 v3.62 A class for typesetting presentations
(/usr/local/texlive/2021/texmf-dist/tex/latex/beamer/beamerbasemodes.sty
(/usr/local/texlive/2021/texmf-dist/tex/latex/etoolbox/etoolbox.sty
Package: etoolbox 2020/10/05 v2.5k e-TeX tools for LaTeX (JAW)
\etb@tempcnta=\count179
)
\beamer@tempbox=\box47
\beamer@tempcount=\count180
\c@beamerpauses=\count181

(/usr/local/texlive/2021/texmf-dist/tex/latex/beamer/beamerbasedecode.sty
\beamer@slideinframe=\count182
\beamer@minimum=\count183
\beamer@decode@box=\box48
)
\beamer@commentbox=\box49
\beamer@modecount=\count184
)
(/usr/local/texlive/2021/texmf-dist/tex/generic/iftex/ifpdf.sty
Package: ifpdf 2019/10/25 v3.4 ifpdf legacy package. Use iftex instead.

(/usr/local/texlive/2021/texmf-dist/tex/generic/iftex/iftex.sty
Package: iftex 2020/03/06 v1.0d TeX engine tests
))
\headdp=\dimen138
\footheight=\dimen139
\sidebarheight=\dimen140
\beamer@tempdim=\dimen141
\beamer@finalheight=\dimen142
\beamer@animht=\dimen143
\beamer@animdp=\dimen144
\beamer@animwd=\dimen145
\beamer@leftmargin=\dimen146
\beamer@rightmargin=\dimen147
\beamer@leftsidebar=\dimen148
\beamer@rightsidebar=\dimen149
\beamer@boxsize=\dimen150
\beamer@vboxoffset=\dimen151
\beamer@descdefault=\dimen152
\beamer@descriptionwidth=\dimen153
\beamer@lastskip=\skip47
\beamer@areabox=\box50
\beamer@animcurrent=\box51
\beamer@animshowbox=\box52
\beamer@sectionbox=\box53
\beamer@logobox=\box54
\beamer@linebox=\box55
\beamer@sectioncount=\count185
\beamer@subsubsectionmax=\count186
\beamer@subsectionmax=\count187
\beamer@sectionmax=\count188
\beamer@totalheads=\count189
\beamer@headcounter=\count190
\beamer@partstartpage=\count191
\beamer@sectionstartpage=\count192
\beamer@subsectionstartpage=\count193
\beamer@animationtempa=\count194
\beamer@animationtempb=\count195
\beamer@xpos=\count196
\beamer@ypos=\count197
\beamer@ypos@offset=\count198
\beamer@showpartnumber=\count199
\beamer@currentsubsection=\count266
\beamer@coveringdepth=\count267
\beamer@sectionadjust=\count268
\beamer@tocsectionnumber=\count269

(/usr/local/texlive/2021/texmf-dist/tex/latex/beamer/beamerbaseoptions.sty
(/usr/local/texlive/2021/texmf-dist/tex/latex/graphics/keyval.sty
Package: keyval 2014/10/28 v1.15 key=value parser (DPC)
\KV@toks@=\toks15
))
\beamer@paperwidth=\skip48
\beamer@paperheight=\skip49

(/usr/local/texlive/2021/texmf-dist/tex/latex/geometry/geometry.sty
Package: geometry 2020/01/02 v5.9 Page Geometry

(/usr/local/texlive/2021/texmf-dist/tex/generic/iftex/ifvtex.sty
Package: ifvtex 2019/10/25 v1.7 ifvtex legacy package. Use iftex instead.
)
\Gm@cnth=\count270
\Gm@cntv=\count271
\c@Gm@tempcnt=\count272
\Gm@bindingoffset=\dimen154
\Gm@wd@mp=\dimen155
\Gm@odd@mp=\dimen156
\Gm@even@mp=\dimen157
\Gm@layoutwidth=\dimen158
\Gm@layoutheight=\dimen159
\Gm@layouthoffset=\dimen160
\Gm@layoutvoffset=\dimen161
\Gm@dimlist=\toks16
)
(/usr/local/texlive/2021/texmf-dist/tex/latex/base/size11.clo
File: size11.clo 2020/04/10 v1.4m Standard LaTeX file (size option)
)
(/usr/local/texlive/2021/texmf-dist/tex/latex/pgf/basiclayer/pgfcore.sty
(/usr/local/texlive/2021/texmf-dist/tex/latex/graphics/graphicx.sty
Package: graphicx 2020/09/09 v1.2b Enhanced LaTeX Graphics (DPC,SPQR)

(/usr/local/texlive/2021/texmf-dist/tex/latex/graphics/graphics.sty
Package: graphics 2020/08/30 v1.4c Standard LaTeX Graphics (DPC,SPQR)

(/usr/local/texlive/2021/texmf-dist/tex/latex/graphics/trig.sty
Package: trig 2016/01/03 v1.10 sin cos tan (DPC)
)
(/usr/local/texlive/2021/texmf-dist/tex/latex/graphics-cfg/graphics.cfg
File: graphics.cfg 2016/06/04 v1.11 sample graphics configuration
)
Package graphics Info: Driver file: pdftex.def on input line 105.

(/usr/local/texlive/2021/texmf-dist/tex/latex/graphics-def/pdftex.def
File: pdftex.def 2020/10/05 v1.2a Graphics/color driver for pdftex
))
\Gin@req@height=\dimen162
\Gin@req@width=\dimen163
)
(/usr/local/texlive/2021/texmf-dist/tex/latex/pgf/systemlayer/pgfsys.sty
(/usr/local/texlive/2021/texmf-dist/tex/latex/pgf/utilities/pgfrcs.sty
(/usr/local/texlive/2021/texmf-dist/tex/generic/pgf/utilities/pgfutil-common.te
x
\pgfutil@everybye=\toks17
\pgfutil@tempdima=\dimen164
\pgfutil@tempdimb=\dimen165

(/usr/local/texlive/2021/texmf-dist/tex/generic/pgf/utilities/pgfutil-common-li
sts.tex))
(/usr/local/texlive/2021/texmf-dist/tex/generic/pgf/utilities/pgfutil-latex.def
\pgfutil@abb=\box56
) (/usr/local/texlive/2021/texmf-dist/tex/generic/pgf/utilities/pgfrcs.code.tex
(/usr/local/texlive/2021/texmf-dist/tex/generic/pgf/pgf.revision.tex)
Package: pgfrcs 2020/12/27 v3.1.8b (3.1.8b)
))
(/usr/local/texlive/2021/texmf-dist/tex/generic/pgf/systemlayer/pgfsys.code.tex
Package: pgfsys 2020/12/27 v3.1.8b (3.1.8b)
(/usr/local/texlive/2021/texmf-dist/tex/generic/pgf/utilities/pgfkeys.code.tex
\pgfkeys@pathtoks=\toks18
\pgfkeys@temptoks=\toks19

(/usr/local/texlive/2021/texmf-dist/tex/generic/pgf/utilities/pgfkeysfiltered.c
ode.tex
\pgfkeys@tmptoks=\toks20
))
\pgf@x=\dimen166
\pgf@y=\dimen167
\pgf@xa=\dimen168
\pgf@ya=\dimen169
\pgf@xb=\dimen170
\pgf@yb=\dimen171
\pgf@xc=\dimen172
\pgf@yc=\dimen173
\pgf@xd=\dimen174
\pgf@yd=\dimen175
\w@pgf@writea=\write3
\r@pgf@reada=\read2
\c@pgf@counta=\count273
\c@pgf@countb=\count274
\c@pgf@countc=\count275
\c@pgf@countd=\count276
\t@pgf@toka=\toks21
\t@pgf@tokb=\toks22
\t@pgf@tokc=\toks23
\pgf@sys@id@count=\count277

(/usr/local/texlive/2021/texmf-dist/tex/generic/pgf/systemlayer/pgf.cfg
File: pgf.cfg 2020/12/27 v3.1.8b (3.1.8b)
)
Driver file for pgf: pgfsys-pdftex.def

(/usr/local/texlive/2021/texmf-dist/tex/generic/pgf/systemlayer/pgfsys-pdftex.d
ef
File: pgfsys-pdftex.def 2020/12/27 v3.1.8b (3.1.8b)

(/usr/local/texlive/2021/texmf-dist/tex/generic/pgf/systemlayer/pgfsys-common-p
df.def
File: pgfsys-common-pdf.def 2020/12/27 v3.1.8b (3.1.8b)
)))
(/usr/local/texlive/2021/texmf-dist/tex/generic/pgf/systemlayer/pgfsyssoftpath.
code.tex
File: pgfsyssoftpath.code.tex 2020/12/27 v3.1.8b (3.1.8b)
\pgfsyssoftpath@smallbuffer@items=\count278
\pgfsyssoftpath@bigbuffer@items=\count279
)
(/usr/local/texlive/2021/texmf-dist/tex/generic/pgf/systemlayer/pgfsysprotocol.
code.tex
File: pgfsysprotocol.code.tex 2020/12/27 v3.1.8b (3.1.8b)
)) (/usr/local/texlive/2021/texmf-dist/tex/latex/xcolor/xcolor.sty
Package: xcolor 2016/05/11 v2.12 LaTeX color extensions (UK)

(/usr/local/texlive/2021/texmf-dist/tex/latex/graphics-cfg/color.cfg
File: color.cfg 2016/01/02 v1.6 sample color configuration
)
Package xcolor Info: Driver file: pdftex.def on input line 225.
Package xcolor Info: Model `cmy' substituted by `cmy0' on input line 1348.
Package xcolor Info: Model `hsb' substituted by `rgb' on input line 1352.
Package xcolor Info: Model `RGB' extended on input line 1364.
Package xcolor Info: Model `HTML' substituted by `rgb' on input line 1366.
Package xcolor Info: Model `Hsb' substituted by `hsb' on input line 1367.
Package xcolor Info: Model `tHsb' substituted by `hsb' on input line 1368.
Package xcolor Info: Model `HSB' substituted by `hsb' on input line 1369.
Package xcolor Info: Model `Gray' substituted by `gray' on input line 1370.
Package xcolor Info: Model `wave' substituted by `hsb' on input line 1371.
)
(/usr/local/texlive/2021/texmf-dist/tex/generic/pgf/basiclayer/pgfcore.code.tex
Package: pgfcore 2020/12/27 v3.1.8b (3.1.8b)
(/usr/local/texlive/2021/texmf-dist/tex/generic/pgf/math/pgfmath.code.tex
(/usr/local/texlive/2021/texmf-dist/tex/generic/pgf/math/pgfmathcalc.code.tex
(/usr/local/texlive/2021/texmf-dist/tex/generic/pgf/math/pgfmathutil.code.tex)
(/usr/local/texlive/2021/texmf-dist/tex/generic/pgf/math/pgfmathparser.code.tex
\pgfmath@dimen=\dimen176
\pgfmath@count=\count280
\pgfmath@box=\box57
\pgfmath@toks=\toks24
\pgfmath@stack@operand=\toks25
\pgfmath@stack@operation=\toks26
)
(/usr/local/texlive/2021/texmf-dist/tex/generic/pgf/math/pgfmathfunctions.code.
tex
(/usr/local/texlive/2021/texmf-dist/tex/generic/pgf/math/pgfmathfunctions.basic
.code.tex)
(/usr/local/texlive/2021/texmf-dist/tex/generic/pgf/math/pgfmathfunctions.trigo
nometric.code.tex)
(/usr/local/texlive/2021/texmf-dist/tex/generic/pgf/math/pgfmathfunctions.rando
m.code.tex)
(/usr/local/texlive/2021/texmf-dist/tex/generic/pgf/math/pgfmathfunctions.compa
rison.code.tex)
(/usr/local/texlive/2021/texmf-dist/tex/generic/pgf/math/pgfmathfunctions.base.
code.tex)
(/usr/local/texlive/2021/texmf-dist/tex/generic/pgf/math/pgfmathfunctions.round
.code.tex)
(/usr/local/texlive/2021/texmf-dist/tex/generic/pgf/math/pgfmathfunctions.misc.
code.tex)
(/usr/local/texlive/2021/texmf-dist/tex/generic/pgf/math/pgfmathfunctions.integ
erarithmetics.code.tex)))
(/usr/local/texlive/2021/texmf-dist/tex/generic/pgf/math/pgfmathfloat.code.tex
\c@pgfmathroundto@lastzeros=\count281
)) (/usr/local/texlive/2021/texmf-dist/tex/generic/pgf/math/pgfint.code.tex)
(/usr/local/texlive/2021/texmf-dist/tex/generic/pgf/basiclayer/pgfcorepoints.co
de.tex
File: pgfcorepoints.code.tex 2020/12/27 v3.1.8b (3.1.8b)
\pgf@picminx=\dimen177
\pgf@picmaxx=\dimen178
\pgf@picminy=\dimen179
\pgf@picmaxy=\dimen180
\pgf@pathminx=\dimen181
\pgf@pathmaxx=\dimen182
\pgf@pathminy=\dimen183
\pgf@pathmaxy=\dimen184
\pgf@xx=\dimen185
\pgf@xy=\dimen186
\pgf@yx=\dimen187
\pgf@yy=\dimen188
\pgf@zx=\dimen189
\pgf@zy=\dimen190
)
(/usr/local/texlive/2021/texmf-dist/tex/generic/pgf/basiclayer/pgfcorepathconst
ruct.code.tex
File: pgfcorepathconstruct.code.tex 2020/12/27 v3.1.8b (3.1.8b)
\pgf@path@lastx=\dimen191
\pgf@path@lasty=\dimen192
)
(/usr/local/texlive/2021/texmf-dist/tex/generic/pgf/basiclayer/pgfcorepathusage
.code.tex
File: pgfcorepathusage.code.tex 2020/12/27 v3.1.8b (3.1.8b)
\pgf@shorten@end@additional=\dimen193
\pgf@shorten@start@additional=\dimen194
)
(/usr/local/texlive/2021/texmf-dist/tex/generic/pgf/basiclayer/pgfcorescopes.co
de.tex
File: pgfcorescopes.code.tex 2020/12/27 v3.1.8b (3.1.8b)
\pgfpic=\box58
\pgf@hbox=\box59
\pgf@layerbox@main=\box60
\pgf@picture@serial@count=\count282
)
(/usr/local/texlive/2021/texmf-dist/tex/generic/pgf/basiclayer/pgfcoregraphicst
ate.code.tex
File: pgfcoregraphicstate.code.tex 2020/12/27 v3.1.8b (3.1.8b)
\pgflinewidth=\dimen195
)
(/usr/local/texlive/2021/texmf-dist/tex/generic/pgf/basiclayer/pgfcoretransform
ations.code.tex
File: pgfcoretransformations.code.tex 2020/12/27 v3.1.8b (3.1.8b)
\pgf@pt@x=\dimen196
\pgf@pt@y=\dimen197
\pgf@pt@temp=\dimen198
)
(/usr/local/texlive/2021/texmf-dist/tex/generic/pgf/basiclayer/pgfcorequick.cod
e.tex
File: pgfcorequick.code.tex 2020/12/27 v3.1.8b (3.1.8b)
)
(/usr/local/texlive/2021/texmf-dist/tex/generic/pgf/basiclayer/pgfcoreobjects.c
ode.tex
File: pgfcoreobjects.code.tex 2020/12/27 v3.1.8b (3.1.8b)
)
(/usr/local/texlive/2021/texmf-dist/tex/generic/pgf/basiclayer/pgfcorepathproce
ssing.code.tex
File: pgfcorepathprocessing.code.tex 2020/12/27 v3.1.8b (3.1.8b)
)
(/usr/local/texlive/2021/texmf-dist/tex/generic/pgf/basiclayer/pgfcorearrows.co
de.tex
File: pgfcorearrows.code.tex 2020/12/27 v3.1.8b (3.1.8b)
\pgfarrowsep=\dimen199
)
(/usr/local/texlive/2021/texmf-dist/tex/generic/pgf/basiclayer/pgfcoreshade.cod
e.tex
File: pgfcoreshade.code.tex 2020/12/27 v3.1.8b (3.1.8b)
\pgf@max=\dimen256
\pgf@sys@shading@range@num=\count283
\pgf@shadingcount=\count284
)
(/usr/local/texlive/2021/texmf-dist/tex/generic/pgf/basiclayer/pgfcoreimage.cod
e.tex
File: pgfcoreimage.code.tex 2020/12/27 v3.1.8b (3.1.8b)

(/usr/local/texlive/2021/texmf-dist/tex/generic/pgf/basiclayer/pgfcoreexternal.
code.tex
File: pgfcoreexternal.code.tex 2020/12/27 v3.1.8b (3.1.8b)
\pgfexternal@startupbox=\box61
))
(/usr/local/texlive/2021/texmf-dist/tex/generic/pgf/basiclayer/pgfcorelayers.co
de.tex
File: pgfcorelayers.code.tex 2020/12/27 v3.1.8b (3.1.8b)
)
(/usr/local/texlive/2021/texmf-dist/tex/generic/pgf/basiclayer/pgfcoretranspare
ncy.code.tex
File: pgfcoretransparency.code.tex 2020/12/27 v3.1.8b (3.1.8b)
)
(/usr/local/texlive/2021/texmf-dist/tex/generic/pgf/basiclayer/pgfcorepatterns.
code.tex
File: pgfcorepatterns.code.tex 2020/12/27 v3.1.8b (3.1.8b)
)
(/usr/local/texlive/2021/texmf-dist/tex/generic/pgf/basiclayer/pgfcorerdf.code.
tex
File: pgfcorerdf.code.tex 2020/12/27 v3.1.8b (3.1.8b)
))) (/usr/local/texlive/2021/texmf-dist/tex/latex/pgf/utilities/xxcolor.sty
Package: xxcolor 2003/10/24 ver 0.1
\XC@nummixins=\count285
\XC@countmixins=\count286
) (/usr/local/texlive/2021/texmf-dist/tex/latex/base/atbegshi-ltx.sty
Package: atbegshi-ltx 2020/08/17 v1.0a Emulation of the original atbegshi packa
ge
with kernel methods
)
(/usr/local/texlive/2021/texmf-dist/tex/latex/hyperref/hyperref.sty
Package: hyperref 2021-02-27 v7.00k Hypertext links for LaTeX

(/usr/local/texlive/2021/texmf-dist/tex/generic/ltxcmds/ltxcmds.sty
Package: ltxcmds 2020-05-10 v1.25 LaTeX kernel commands for general use (HO)
)
(/usr/local/texlive/2021/texmf-dist/tex/generic/pdftexcmds/pdftexcmds.sty
Package: pdftexcmds 2020-06-27 v0.33 Utility functions of pdfTeX for LuaTeX (HO
)

(/usr/local/texlive/2021/texmf-dist/tex/generic/infwarerr/infwarerr.sty
Package: infwarerr 2019/12/03 v1.5 Providing info/warning/error messages (HO)
)
Package pdftexcmds Info: \pdf@primitive is available.
Package pdftexcmds Info: \pdf@ifprimitive is available.
Package pdftexcmds Info: \pdfdraftmode found.
)
(/usr/local/texlive/2021/texmf-dist/tex/generic/kvsetkeys/kvsetkeys.sty
Package: kvsetkeys 2019/12/15 v1.18 Key value parser (HO)
)
(/usr/local/texlive/2021/texmf-dist/tex/generic/kvdefinekeys/kvdefinekeys.sty
Package: kvdefinekeys 2019-12-19 v1.6 Define keys (HO)
)
(/usr/local/texlive/2021/texmf-dist/tex/generic/pdfescape/pdfescape.sty
Package: pdfescape 2019/12/09 v1.15 Implements pdfTeX's escape features (HO)
)
(/usr/local/texlive/2021/texmf-dist/tex/latex/hycolor/hycolor.sty
Package: hycolor 2020-01-27 v1.10 Color options for hyperref/bookmark (HO)
)
(/usr/local/texlive/2021/texmf-dist/tex/latex/letltxmacro/letltxmacro.sty
Package: letltxmacro 2019/12/03 v1.6 Let assignment for LaTeX macros (HO)
)
(/usr/local/texlive/2021/texmf-dist/tex/latex/auxhook/auxhook.sty
Package: auxhook 2019-12-17 v1.6 Hooks for auxiliary files (HO)
)
(/usr/local/texlive/2021/texmf-dist/tex/latex/kvoptions/kvoptions.sty
Package: kvoptions 2020-10-07 v3.14 Key value format for package options (HO)
)
\@linkdim=\dimen257
\Hy@linkcounter=\count287
\Hy@pagecounter=\count288

(/usr/local/texlive/2021/texmf-dist/tex/latex/hyperref/pd1enc.def
File: pd1enc.def 2021-02-27 v7.00k Hyperref: PDFDocEncoding definition (HO)
Now handling font encoding PD1 ...
... no UTF-8 mapping file for font encoding PD1
)
(/usr/local/texlive/2021/texmf-dist/tex/latex/hyperref/hyperref-langpatches.def
File: hyperref-langpatches.def 2021-02-27 v7.00k Hyperref: patches for babel la
nguages
) (/usr/local/texlive/2021/texmf-dist/tex/generic/intcalc/intcalc.sty
Package: intcalc 2019/12/15 v1.3 Expandable calculations with integers (HO)
)
(/usr/local/texlive/2021/texmf-dist/tex/generic/etexcmds/etexcmds.sty
Package: etexcmds 2019/12/15 v1.7 Avoid name clashes with e-TeX commands (HO)
)
\Hy@SavedSpaceFactor=\count289

(/usr/local/texlive/2021/texmf-dist/tex/latex/hyperref/puenc.def
File: puenc.def 2021-02-27 v7.00k Hyperref: PDF Unicode definition (HO)
Now handling font encoding PU ...
... no UTF-8 mapping file for font encoding PU
)
Package hyperref Info: Option `unicode' set `true' on input line 4073.
Package hyperref Info: Option `bookmarks' set `true' on input line 4073.
Package hyperref Info: Option `bookmarksopen' set `true' on input line 4073.
Package hyperref Info: Option `implicit' set `false' on input line 4073.
Package hyperref Info: Hyper figures OFF on input line 4192.
Package hyperref Info: Link nesting OFF on input line 4197.
Package hyperref Info: Hyper index ON on input line 4200.
Package hyperref Info: Plain pages OFF on input line 4207.
Package hyperref Info: Backreferencing OFF on input line 4212.
Package hyperref Info: Implicit mode OFF; no redefinition of LaTeX internals.
Package hyperref Info: Bookmarks ON on input line 4445.
\c@Hy@tempcnt=\count290

(/usr/local/texlive/2021/texmf-dist/tex/latex/url/url.sty
\Urlmuskip=\muskip16
Package: url 2013/09/16  ver 3.4  Verb mode for urls, etc.
)
LaTeX Info: Redefining \url on input line 4804.
\XeTeXLinkMargin=\dimen258

(/usr/local/texlive/2021/texmf-dist/tex/generic/bitset/bitset.sty
Package: bitset 2019/12/09 v1.3 Handle bit-vector datatype (HO)

(/usr/local/texlive/2021/texmf-dist/tex/generic/bigintcalc/bigintcalc.sty
Package: bigintcalc 2019/12/15 v1.5 Expandable calculations on big integers (HO
)
))
\Fld@menulength=\count291
\Field@Width=\dimen259
\Fld@charsize=\dimen260
Package hyperref Info: Hyper figures OFF on input line 6075.
Package hyperref Info: Link nesting OFF on input line 6080.
Package hyperref Info: Hyper index ON on input line 6083.
Package hyperref Info: backreferencing OFF on input line 6090.
Package hyperref Info: Link coloring OFF on input line 6095.
Package hyperref Info: Link coloring with OCG OFF on input line 6100.
Package hyperref Info: PDF/A mode OFF on input line 6105.
LaTeX Info: Redefining \ref on input line 6145.
LaTeX Info: Redefining \pageref on input line 6149.
\Hy@abspage=\count292


Package hyperref Message: Stopped early.

)
Package hyperref Info: Driver (autodetected): hpdftex.
 (/usr/local/texlive/2021/texmf-dist/tex/latex/hyperref/hpdftex.def
File: hpdftex.def 2021-02-27 v7.00k Hyperref driver for pdfTeX

(/usr/local/texlive/2021/texmf-dist/tex/latex/base/atveryend-ltx.sty
Package: atveryend-ltx 2020/08/19 v1.0a Emulation of the original atvery packag
e
with kernel methods
)
\Fld@listcount=\count293
\c@bookmark@seq@number=\count294

(/usr/local/texlive/2021/texmf-dist/tex/latex/rerunfilecheck/rerunfilecheck.sty
Package: rerunfilecheck 2019/12/05 v1.9 Rerun checks for auxiliary files (HO)

(/usr/local/texlive/2021/texmf-dist/tex/generic/uniquecounter/uniquecounter.sty
Package: uniquecounter 2019/12/15 v1.4 Provide unlimited unique counter (HO)
)
Package uniquecounter Info: New unique counter `rerunfilecheck' on input line 2
86.
)) (/usr/local/texlive/2021/texmf-dist/tex/latex/beamer/beamerbaserequires.sty
(/usr/local/texlive/2021/texmf-dist/tex/latex/beamer/beamerbasecompatibility.st
y) (/usr/local/texlive/2021/texmf-dist/tex/latex/beamer/beamerbasefont.sty
(/usr/local/texlive/2021/texmf-dist/tex/latex/amsfonts/amssymb.sty
Package: amssymb 2013/01/14 v3.01 AMS font symbols

(/usr/local/texlive/2021/texmf-dist/tex/latex/amsfonts/amsfonts.sty
Package: amsfonts 2013/01/14 v3.01 Basic AMSFonts support
\@emptytoks=\toks27
\symAMSa=\mathgroup4
\symAMSb=\mathgroup5
LaTeX Font Info:    Redeclaring math symbol \hbar on input line 98.
LaTeX Font Info:    Overwriting math alphabet `\mathfrak' in version `bold'
(Font)                  U/euf/m/n --> U/euf/b/n on input line 106.
))
(/usr/local/texlive/2021/texmf-dist/tex/latex/sansmathaccent/sansmathaccent.sty
Package: sansmathaccent 2020/01/31
(/usr/local/texlive/2021/texmf-dist/tex/latex/koma-script/scrlfile.sty
Package: scrlfile 2021/03/17 v3.33 KOMA-Script package (file load hooks)

(/usr/local/texlive/2021/texmf-dist/tex/latex/koma-script/scrlfile-hook.sty
Package: scrlfile-hook 2021/03/17 v3.33 KOMA-Script package (using LaTeX hooks)


LaTeX3 Info: Defining command \BeforeFile with sig. 'm' on line 61.


LaTeX3 Info: Defining command \AfterFile with sig. 'm' on line 65.


LaTeX3 Info: Defining command \BeforeClass with sig. 'm' on line 69.


LaTeX3 Info: Defining command \BeforePackage with sig. 'm' on line 73.


LaTeX3 Info: Defining command \AfterAtEndOfClass with sig. 'smo+m' on line 83.


LaTeX3 Info: Defining command \AfterAtEndOfPackage with sig. 'smo+m' on line
(LaTeX3)     93.


LaTeX3 Info: Defining command \scrlfile@AfterClass with sig. 'smo+m' on line
(LaTeX3)     173.


LaTeX3 Info: Defining command \AfterClass with sig. '' on line 174.


LaTeX3 Info: Defining command \scrlfile@AfterPackage with sig. 'smo+m' on line
(LaTeX3)     191.


LaTeX3 Info: Defining command \AfterPackage with sig. '' on line 192.


LaTeX3 Info: Defining command \ReplaceInput with sig. '' on line 193.


LaTeX3 Info: Defining command \ReplaceClass with sig. 'mm' on line 196.


LaTeX3 Info: Defining command \ReplacePackage with sig. 'mm' on line 199.


LaTeX3 Info: Defining command \UnReplaceInput with sig. '' on line 200.


LaTeX3 Info: Defining command \UnReplaceClass with sig. 'm' on line 203.


LaTeX3 Info: Defining command \UnReplacePackage with sig. 'mm' on line 206.


LaTeX3 Info: Defining command \PreventPackageFromLoading with sig. 's+om' on
(LaTeX3)     line 234.


LaTeX3 Info: Defining command \StorePreventPackageFromLoading with sig. 'm' on
(LaTeX3)     line 242.


LaTeX3 Info: Defining command \ResetPreventPackageFromLoading with sig. '' on
(LaTeX3)     line 247.


LaTeX3 Info: Defining command \UnPreventPackageFromLoading with sig. 'sm' on
(LaTeX3)     line 261.


LaTeX3 Info: Defining command \BeforeClosingMainAux with sig. 'om' on line
(LaTeX3)     274.


LaTeX3 Info: Defining command \AfterReadingMainAux with sig. 'om' on line 287.


LaTeX3 Info: Defining command \protected@immediate@write with sig. 'm+m+m' on
(LaTeX3)     line 298.


(/usr/local/texlive/2021/texmf-dist/tex/latex/koma-script/scrlogo.sty
Package: scrlogo 2021/03/17 v3.33 KOMA-Script package (logo)
)))))
(/usr/local/texlive/2021/texmf-dist/tex/latex/beamer/beamerbasetranslator.sty
(/usr/local/texlive/2021/texmf-dist/tex/latex/translator/translator.sty
Package: translator 2020-08-03 v1.12c Easy translation of strings in LaTeX
))
(/usr/local/texlive/2021/texmf-dist/tex/latex/beamer/beamerbasemisc.sty)
(/usr/local/texlive/2021/texmf-dist/tex/latex/beamer/beamerbasetwoscreens.sty)
(/usr/local/texlive/2021/texmf-dist/tex/latex/beamer/beamerbaseoverlay.sty
\beamer@argscount=\count295
\beamer@lastskipcover=\skip50
\beamer@trivlistdepth=\count296
)
(/usr/local/texlive/2021/texmf-dist/tex/latex/beamer/beamerbasetitle.sty)
(/usr/local/texlive/2021/texmf-dist/tex/latex/beamer/beamerbasesection.sty
\c@lecture=\count297
\c@part=\count298
\c@section=\count299
\c@subsection=\count300
\c@subsubsection=\count301
)
(/usr/local/texlive/2021/texmf-dist/tex/latex/beamer/beamerbaseframe.sty
\beamer@framebox=\box62
\beamer@frametitlebox=\box63
\beamer@zoombox=\box64
\beamer@zoomcount=\count302
\beamer@zoomframecount=\count303
\beamer@frametextheight=\dimen261
\c@subsectionslide=\count304
\beamer@frametopskip=\skip51
\beamer@framebottomskip=\skip52
\beamer@frametopskipautobreak=\skip53
\beamer@framebottomskipautobreak=\skip54
\beamer@envbody=\toks28
\framewidth=\dimen262
\c@framenumber=\count305
)
(/usr/local/texlive/2021/texmf-dist/tex/latex/beamer/beamerbaseverbatim.sty
\beamer@verbatimfileout=\write4
)
(/usr/local/texlive/2021/texmf-dist/tex/latex/beamer/beamerbaseframesize.sty
\beamer@splitbox=\box65
\beamer@autobreakcount=\count306
\beamer@autobreaklastheight=\dimen263
\beamer@frametitletoks=\toks29
\beamer@framesubtitletoks=\toks30
)
(/usr/local/texlive/2021/texmf-dist/tex/latex/beamer/beamerbaseframecomponents.
sty
\beamer@footins=\box66
) (/usr/local/texlive/2021/texmf-dist/tex/latex/beamer/beamerbasecolor.sty)
(/usr/local/texlive/2021/texmf-dist/tex/latex/beamer/beamerbasenotes.sty
\beamer@frameboxcopy=\box67
)
(/usr/local/texlive/2021/texmf-dist/tex/latex/beamer/beamerbasetoc.sty)
(/usr/local/texlive/2021/texmf-dist/tex/latex/beamer/beamerbasetemplates.sty
\beamer@sbttoks=\toks31

(/usr/local/texlive/2021/texmf-dist/tex/latex/beamer/beamerbaseauxtemplates.sty
(/usr/local/texlive/2021/texmf-dist/tex/latex/beamer/beamerbaseboxes.sty
\bmb@box=\box68
\bmb@colorbox=\box69
\bmb@boxwidth=\dimen264
\bmb@boxheight=\dimen265
\bmb@prevheight=\dimen266
\bmb@temp=\dimen267
\bmb@dima=\dimen268
\bmb@dimb=\dimen269
\bmb@prevheight=\dimen270
)
\beamer@blockheadheight=\dimen271
))
(/usr/local/texlive/2021/texmf-dist/tex/latex/beamer/beamerbaselocalstructure.s
ty (/usr/local/texlive/2021/texmf-dist/tex/latex/tools/enumerate.sty
Package: enumerate 2015/07/23 v3.00 enumerate extensions (DPC)
\@enLab=\toks32
)
\beamer@bibiconwidth=\skip55
\c@figure=\count307
\c@table=\count308
\abovecaptionskip=\skip56
\belowcaptionskip=\skip57
)
(/usr/local/texlive/2021/texmf-dist/tex/latex/beamer/beamerbasenavigation.sty
\beamer@section@min@dim=\dimen272
)
(/usr/local/texlive/2021/texmf-dist/tex/latex/beamer/beamerbasetheorems.sty
(/usr/local/texlive/2021/texmf-dist/tex/latex/amsmath/amsmath.sty
Package: amsmath 2020/09/23 v2.17i AMS math features
\@mathmargin=\skip58

For additional information on amsmath, use the `?' option.
(/usr/local/texlive/2021/texmf-dist/tex/latex/amsmath/amstext.sty
Package: amstext 2000/06/29 v2.01 AMS text

(/usr/local/texlive/2021/texmf-dist/tex/latex/amsmath/amsgen.sty
File: amsgen.sty 1999/11/30 v2.0 generic functions
\@emptytoks=\toks33
\ex@=\dimen273
))
(/usr/local/texlive/2021/texmf-dist/tex/latex/amsmath/amsbsy.sty
Package: amsbsy 1999/11/29 v1.2d Bold Symbols
\pmbraise@=\dimen274
)
(/usr/local/texlive/2021/texmf-dist/tex/latex/amsmath/amsopn.sty
Package: amsopn 2016/03/08 v2.02 operator names
)
\inf@bad=\count309
LaTeX Info: Redefining \frac on input line 234.
\uproot@=\count310
\leftroot@=\count311
LaTeX Info: Redefining \overline on input line 399.
\classnum@=\count312
\DOTSCASE@=\count313
LaTeX Info: Redefining \ldots on input line 496.
LaTeX Info: Redefining \dots on input line 499.
LaTeX Info: Redefining \cdots on input line 620.
\Mathstrutbox@=\box70
\strutbox@=\box71
\big@size=\dimen275
LaTeX Font Info:    Redeclaring font encoding OML on input line 743.
LaTeX Font Info:    Redeclaring font encoding OMS on input line 744.
\macc@depth=\count314
\c@MaxMatrixCols=\count315
\dotsspace@=\muskip17
\c@parentequation=\count316
\dspbrk@lvl=\count317
\tag@help=\toks34
\row@=\count318
\column@=\count319
\maxfields@=\count320
\andhelp@=\toks35
\eqnshift@=\dimen276
\alignsep@=\dimen277
\tagshift@=\dimen278
\tagwidth@=\dimen279
\totwidth@=\dimen280
\lineht@=\dimen281
\@envbody=\toks36
\multlinegap=\skip59
\multlinetaggap=\skip60
\mathdisplay@stack=\toks37
LaTeX Info: Redefining \[ on input line 2923.
LaTeX Info: Redefining \] on input line 2924.
)
(/usr/local/texlive/2021/texmf-dist/tex/latex/amscls/amsthm.sty
Package: amsthm 2020/05/29 v2.20.6
\thm@style=\toks38
\thm@bodyfont=\toks39
\thm@headfont=\toks40
\thm@notefont=\toks41
\thm@headpunct=\toks42
\thm@preskip=\skip61
\thm@postskip=\skip62
\thm@headsep=\skip63
\dth@everypar=\toks43
)
\c@theorem=\count321
)
(/usr/local/texlive/2021/texmf-dist/tex/latex/beamer/beamerbasethemes.sty))
(/usr/local/texlive/2021/texmf-dist/tex/latex/beamer/beamerthemedefault.sty
(/usr/local/texlive/2021/texmf-dist/tex/latex/beamer/beamerfontthemedefault.sty
)
(/usr/local/texlive/2021/texmf-dist/tex/latex/beamer/beamercolorthemedefault.st
y)
(/usr/local/texlive/2021/texmf-dist/tex/latex/beamer/beamerinnerthemedefault.st
y
\beamer@dima=\dimen282
\beamer@dimb=\dimen283
)
(/usr/local/texlive/2021/texmf-dist/tex/latex/beamer/beamerouterthemedefault.st
y))) (/usr/local/texlive/2021/texmf-dist/tex/latex/lm/lmodern.sty
Package: lmodern 2015/05/01 v1.6.1 Latin Modern Fonts
LaTeX Font Info:    Overwriting symbol font `operators' in version `normal'
(Font)                  OT1/cmr/m/n --> OT1/lmr/m/n on input line 22.
LaTeX Font Info:    Overwriting symbol font `letters' in version `normal'
(Font)                  OML/cmm/m/it --> OML/lmm/m/it on input line 23.
LaTeX Font Info:    Overwriting symbol font `symbols' in version `normal'
(Font)                  OMS/cmsy/m/n --> OMS/lmsy/m/n on input line 24.
LaTeX Font Info:    Overwriting symbol font `largesymbols' in version `normal'
(Font)                  OMX/cmex/m/n --> OMX/lmex/m/n on input line 25.
LaTeX Font Info:    Overwriting symbol font `operators' in version `bold'
(Font)                  OT1/cmr/bx/n --> OT1/lmr/bx/n on input line 26.
LaTeX Font Info:    Overwriting symbol font `letters' in version `bold'
(Font)                  OML/cmm/b/it --> OML/lmm/b/it on input line 27.
LaTeX Font Info:    Overwriting symbol font `symbols' in version `bold'
(Font)                  OMS/cmsy/b/n --> OMS/lmsy/b/n on input line 28.
LaTeX Font Info:    Overwriting symbol font `largesymbols' in version `bold'
(Font)                  OMX/cmex/m/n --> OMX/lmex/m/n on input line 29.
LaTeX Font Info:    Overwriting math alphabet `\mathbf' in version `normal'
(Font)                  OT1/cmr/bx/n --> OT1/lmr/bx/n on input line 31.
LaTeX Font Info:    Overwriting math alphabet `\mathsf' in version `normal'
(Font)                  OT1/cmss/m/n --> OT1/lmss/m/n on input line 32.
LaTeX Font Info:    Overwriting math alphabet `\mathit' in version `normal'
(Font)                  OT1/cmr/m/it --> OT1/lmr/m/it on input line 33.
LaTeX Font Info:    Overwriting math alphabet `\mathtt' in version `normal'
(Font)                  OT1/cmtt/m/n --> OT1/lmtt/m/n on input line 34.
LaTeX Font Info:    Overwriting math alphabet `\mathbf' in version `bold'
(Font)                  OT1/cmr/bx/n --> OT1/lmr/bx/n on input line 35.
LaTeX Font Info:    Overwriting math alphabet `\mathsf' in version `bold'
(Font)                  OT1/cmss/bx/n --> OT1/lmss/bx/n on input line 36.
LaTeX Font Info:    Overwriting math alphabet `\mathit' in version `bold'
(Font)                  OT1/cmr/bx/it --> OT1/lmr/bx/it on input line 37.
LaTeX Font Info:    Overwriting math alphabet `\mathtt' in version `bold'
(Font)                  OT1/cmtt/m/n --> OT1/lmtt/m/n on input line 38.
)
(/usr/local/texlive/2021/texmf-dist/tex/latex/base/fontenc.sty
Package: fontenc 2020/08/10 v2.0s Standard LaTeX package
LaTeX Font Info:    Trying to load font information for T1+lmss on input line 1
12.

(/usr/local/texlive/2021/texmf-dist/tex/latex/lm/t1lmss.fd
File: t1lmss.fd 2015/05/01 v1.6.1 Font defs for Latin Modern
))
(/usr/local/texlive/2021/texmf-dist/tex/latex/base/inputenc.sty
Package: inputenc 2020/08/01 v1.3d Input encoding file
\inpenc@prehook=\toks44
\inpenc@posthook=\toks45
)
(/usr/local/texlive/2021/texmf-dist/tex/latex/base/textcomp.sty
Package: textcomp 2020/02/02 v2.0n Standard LaTeX package
)
(/usr/local/texlive/2021/texmf-dist/tex/latex/beamer/beamerthemeSingapore.sty
(/usr/local/texlive/2021/texmf-dist/tex/latex/beamer/beamerouterthememiniframes
.sty))
(/usr/local/texlive/2021/texmf-dist/tex/latex/beamer/beamerfontthemeserif.sty)
(/usr/local/texlive/2021/texmf-dist/tex/latex/upquote/upquote.sty
Package: upquote 2012/04/19 v1.3 upright-quote and grave-accent glyphs in verba
tim
)
(/usr/local/texlive/2021/texmf-dist/tex/latex/microtype/microtype.sty
Package: microtype 2021/03/14 v2.8c Micro-typographical refinements (RS)
\MT@toks=\toks46
\MT@count=\count322
LaTeX Info: Redefining \textls on input line 790.
\MT@outer@kern=\dimen284
LaTeX Info: Redefining \textmicrotypecontext on input line 1374.
\MT@listname@count=\count323

(/usr/local/texlive/2021/texmf-dist/tex/latex/microtype/microtype-pdftex.def
File: microtype-pdftex.def 2021/03/14 v2.8c Definitions specific to pdftex (RS)

LaTeX Info: Redefining \lsstyle on input line 915.
LaTeX Info: Redefining \lslig on input line 915.
\MT@outer@space=\skip64
)
Package microtype Info: Loading configuration file microtype.cfg.

(/usr/local/texlive/2021/texmf-dist/tex/latex/microtype/microtype.cfg
File: microtype.cfg 2021/03/14 v2.8c microtype main configuration file (RS)
))
(/usr/local/texlive/2021/texmf-dist/tex/latex/parskip/parskip.sty
Package: parskip 2021-03-14 v2.0h non-zero parskip adjustments
)
(/usr/local/texlive/2021/texmf-dist/tex/latex/xurl/xurl.sty
Package: xurl 2020/12/30 v 0.09a modify URL breaks
)
(/usr/local/texlive/2021/texmf-dist/tex/latex/bookmark/bookmark.sty
Package: bookmark 2020-11-06 v1.29 PDF bookmarks (HO)

(/usr/local/texlive/2021/texmf-dist/tex/latex/bookmark/bkm-pdftex.def
File: bkm-pdftex.def 2020-11-06 v1.29 bookmark driver for pdfTeX (HO)
\BKM@id=\count324
))
(/usr/local/texlive/2021/texmf-dist/tex/latex/fancyvrb/fancyvrb.sty
Package: fancyvrb 2021/01/20 v3.7 verbatim text (tvz,hv)
\FV@CodeLineNo=\count325
\FV@InFile=\read3
\FV@TabBox=\box72
\c@FancyVerbLine=\count326
\FV@StepNumber=\count327
\FV@OutFile=\write5
)
(/usr/local/texlive/2021/texmf-dist/tex/latex/framed/framed.sty
Package: framed 2011/10/22 v 0.96: framed or shaded text with page breaks
\OuterFrameSep=\skip65
\fb@frw=\dimen285
\fb@frh=\dimen286
\FrameRule=\dimen287
\FrameSep=\dimen288
)
LaTeX Font Info:    Trying to load font information for T1+lmr on input line 16
8.

(/usr/local/texlive/2021/texmf-dist/tex/latex/lm/t1lmr.fd
File: t1lmr.fd 2015/05/01 v1.6.1 Font defs for Latin Modern
)
(/usr/local/texlive/2021/texmf-dist/tex/latex/l3backend/l3backend-pdftex.def
File: l3backend-pdftex.def 2021-03-18 L3 backend support: PDF output (pdfTeX)
\l__color_backend_stack_int=\count328
\l__pdf_internal_box=\box73
)
No file Part2_RINLA.aux.
\openout1 = `Part2_RINLA.aux'.

LaTeX Font Info:    Checking defaults for OML/cmm/m/it on input line 168.
LaTeX Font Info:    ... okay on input line 168.
LaTeX Font Info:    Checking defaults for OMS/cmsy/m/n on input line 168.
LaTeX Font Info:    ... okay on input line 168.
LaTeX Font Info:    Checking defaults for OT1/cmr/m/n on input line 168.
LaTeX Font Info:    ... okay on input line 168.
LaTeX Font Info:    Checking defaults for T1/cmr/m/n on input line 168.
LaTeX Font Info:    ... okay on input line 168.
LaTeX Font Info:    Checking defaults for TS1/cmr/m/n on input line 168.
LaTeX Font Info:    ... okay on input line 168.
LaTeX Font Info:    Checking defaults for OMX/cmex/m/n on input line 168.
LaTeX Font Info:    ... okay on input line 168.
LaTeX Font Info:    Checking defaults for U/cmr/m/n on input line 168.
LaTeX Font Info:    ... okay on input line 168.
LaTeX Font Info:    Checking defaults for PD1/pdf/m/n on input line 168.
LaTeX Font Info:    ... okay on input line 168.
LaTeX Font Info:    Checking defaults for PU/pdf/m/n on input line 168.
LaTeX Font Info:    ... okay on input line 168.
*geometry* driver: auto-detecting
*geometry* detected driver: pdftex
*geometry* verbose mode - [ preamble ] result:
* driver: pdftex
* paper: custom
* layout: <same size as paper>
* layoutoffset:(h,v)=(0.0pt,0.0pt)
* modes: includehead includefoot 
* h-part:(L,W,R)=(28.45274pt, 307.28987pt, 28.45274pt)
* v-part:(T,H,B)=(0.0pt, 273.14662pt, 0.0pt)
* \paperwidth=364.19536pt
* \paperheight=273.14662pt
* \textwidth=307.28987pt
* \textheight=244.6939pt
* \oddsidemargin=-43.81725pt
* \evensidemargin=-43.81725pt
* \topmargin=-72.26999pt
* \headheight=14.22636pt
* \headsep=0.0pt
* \topskip=11.0pt
* \footskip=14.22636pt
* \marginparwidth=4.0pt
* \marginparsep=10.0pt
* \columnsep=10.0pt
* \skip\footins=10.0pt plus 4.0pt minus 2.0pt
* \hoffset=0.0pt
* \voffset=0.0pt
* \mag=1000
* \@twocolumnfalse
* \@twosidefalse
* \@mparswitchfalse
* \@reversemarginfalse
* (1in=72.27pt=25.4mm, 1cm=28.453pt)

(/usr/local/texlive/2021/texmf-dist/tex/context/base/mkii/supp-pdf.mkii
[Loading MPS to PDF converter (version 2006.09.02).]
\scratchcounter=\count329
\scratchdimen=\dimen289
\scratchbox=\box74
\nofMPsegments=\count330
\nofMParguments=\count331
\everyMPshowfont=\toks47
\MPscratchCnt=\count332
\MPscratchDim=\dimen290
\MPnumerator=\count333
\makeMPintoPDFobject=\count334
\everyMPtoPDFconversion=\toks48
) (/usr/local/texlive/2021/texmf-dist/tex/latex/epstopdf-pkg/epstopdf-base.sty
Package: epstopdf-base 2020-01-24 v2.11 Base part for package epstopdf
Package epstopdf-base Info: Redefining graphics rule for `.eps' on input line 4
85.

(/usr/local/texlive/2021/texmf-dist/tex/latex/latexconfig/epstopdf-sys.cfg
File: epstopdf-sys.cfg 2010/07/13 v1.3 Configuration of (r)epstopdf for TeX Liv
e
))
Package hyperref Info: Link coloring OFF on input line 168.

(/usr/local/texlive/2021/texmf-dist/tex/latex/hyperref/nameref.sty
Package: nameref 2021-04-02 v2.47 Cross-referencing by name of section

(/usr/local/texlive/2021/texmf-dist/tex/latex/refcount/refcount.sty
Package: refcount 2019/12/15 v3.6 Data extraction from label references (HO)
)
(/usr/local/texlive/2021/texmf-dist/tex/generic/gettitlestring/gettitlestring.s
ty
Package: gettitlestring 2019/12/15 v1.6 Cleanup title references (HO)
)
\c@section@level=\count335
)
LaTeX Info: Redefining \ref on input line 168.
LaTeX Info: Redefining \pageref on input line 168.
LaTeX Info: Redefining \nameref on input line 168.

(/usr/local/texlive/2021/texmf-dist/tex/latex/translator/translator-basic-dicti
onary-English.dict
Dictionary: translator-basic-dictionary, Language: English 
)
(/usr/local/texlive/2021/texmf-dist/tex/latex/translator/translator-bibliograph
y-dictionary-English.dict
Dictionary: translator-bibliography-dictionary, Language: English 
)
(/usr/local/texlive/2021/texmf-dist/tex/latex/translator/translator-environment
-dictionary-English.dict
Dictionary: translator-environment-dictionary, Language: English 
)
(/usr/local/texlive/2021/texmf-dist/tex/latex/translator/translator-months-dict
ionary-English.dict
Dictionary: translator-months-dictionary, Language: English 
)
(/usr/local/texlive/2021/texmf-dist/tex/latex/translator/translator-numbers-dic
tionary-English.dict
Dictionary: translator-numbers-dictionary, Language: English 
)
(/usr/local/texlive/2021/texmf-dist/tex/latex/translator/translator-theorem-dic
tionary-English.dict
Dictionary: translator-theorem-dictionary, Language: English 
)
LaTeX Info: Redefining \microtypecontext on input line 168.
Package microtype Info: Generating PDF output.
Package microtype Info: Character protrusion enabled (level 2).
Package microtype Info: Using protrusion set `basicmath'.
Package microtype Info: Automatic font expansion enabled (level 2),
(microtype)             stretch: 20, shrink: 20, step: 1, non-selected.
Package microtype Info: Using default expansion set `alltext-nott'.
LaTeX Info: Redefining \showhyphens on input line 168.
Package microtype Info: No adjustment of tracking.
Package microtype Info: No adjustment of interword spacing.
Package microtype Info: No adjustment of character kerning.

(/usr/local/texlive/2021/texmf-dist/tex/latex/microtype/mt-cmr.cfg
File: mt-cmr.cfg 2013/05/19 v2.2 microtype config. file: Computer Modern Roman 
(RS)
)
No file Part2_RINLA.nav.
<log_ntnu.jpg, id=15, 1778.645pt x 622.325pt>
File: log_ntnu.jpg Graphic file (type jpg)
<use log_ntnu.jpg>
Package pdftex.def Info: log_ntnu.jpg  used on input line 169.
(pdftex.def)             Requested size: 170.71652pt x 59.72922pt.
[1

{/usr/local/texlive/2021/texmf-var/fonts/map/pdftex/updmap/pdftex.map} <./log_n
tnu.jpg>]
No file Part2_RINLA.toc.
[2

] [3

]
\openout4 = `Part2_RINLA.vrb'.

 (./Part2_RINLA.vrb
LaTeX Font Info:    Trying to load font information for T1+lmtt on input line 6
.

(/usr/local/texlive/2021/texmf-dist/tex/latex/lm/t1lmtt.fd
File: t1lmtt.fd 2015/05/01 v1.6.1 Font defs for Latin Modern
)) [4

] [5

]pdfTeX warning (ext4): destination with the same identifier (name{getting-inla
}) has been already used, duplicate ignored
<to be read again> 
                   \relax 
l.198 \end{frame}
                 
LaTeX Font Info:    Trying to load font information for OT1+lmr on input line 1
98.
 (/usr/local/texlive/2021/texmf-dist/tex/latex/lm/ot1lmr.fd
File: ot1lmr.fd 2015/05/01 v1.6.1 Font defs for Latin Modern
)
LaTeX Font Info:    Trying to load font information for OML+lmm on input line 1
98.

(/usr/local/texlive/2021/texmf-dist/tex/latex/lm/omllmm.fd
File: omllmm.fd 2015/05/01 v1.6.1 Font defs for Latin Modern
)
LaTeX Font Info:    Trying to load font information for OMS+lmsy on input line 
198.

(/usr/local/texlive/2021/texmf-dist/tex/latex/lm/omslmsy.fd
File: omslmsy.fd 2015/05/01 v1.6.1 Font defs for Latin Modern
)
LaTeX Font Info:    Trying to load font information for OMX+lmex on input line 
198.

(/usr/local/texlive/2021/texmf-dist/tex/latex/lm/omxlmex.fd
File: omxlmex.fd 2015/05/01 v1.6.1 Font defs for Latin Modern
)
LaTeX Font Info:    External font `lmex10' loaded for size
(Font)              <10.95> on input line 198.
LaTeX Font Info:    External font `lmex10' loaded for size
(Font)              <8> on input line 198.
LaTeX Font Info:    External font `lmex10' loaded for size
(Font)              <6> on input line 198.
LaTeX Font Info:    Trying to load font information for U+msa on input line 198
.

(/usr/local/texlive/2021/texmf-dist/tex/latex/amsfonts/umsa.fd
File: umsa.fd 2013/01/14 v3.01 AMS symbols A
)
(/usr/local/texlive/2021/texmf-dist/tex/latex/microtype/mt-msa.cfg
File: mt-msa.cfg 2006/02/04 v1.1 microtype config. file: AMS symbols (a) (RS)
)
LaTeX Font Info:    Trying to load font information for U+msb on input line 198
.

(/usr/local/texlive/2021/texmf-dist/tex/latex/amsfonts/umsb.fd
File: umsb.fd 2013/01/14 v3.01 AMS symbols B
)
(/usr/local/texlive/2021/texmf-dist/tex/latex/microtype/mt-msb.cfg
File: mt-msb.cfg 2005/06/01 v1.0 microtype config. file: AMS symbols (b) (RS)
) [6

]
\openout4 = `Part2_RINLA.vrb'.


(./Part2_RINLA.vrb) [7

]
\openout4 = `Part2_RINLA.vrb'.

 (./Part2_RINLA.vrb) [8

]
\openout4 = `Part2_RINLA.vrb'.

 (./Part2_RINLA.vrb
Overfull \hbox (158.35754pt too wide) in paragraph at lines 20--20
[]\T1/lmtt/m/n/10.95 ##  Date ....................: Tue Jan 25 08:26:03 PM +03 
2022 (Version_22.01.25)[] 
 []


Overfull \hbox (31.8854pt too wide) in paragraph at lines 20--20
[]\T1/lmtt/m/n/10.95 ##  Maintainers .............: Havard Rue <hrue@r-inla.org
>[] 
 []


Overfull \hbox (95.12148pt too wide) in paragraph at lines 20--20
[]\T1/lmtt/m/n/10.95 ##                           : Finn Lindgren <finn.lindgre
n@gmail.com>[] 
 []


Overfull \hbox (112.36768pt too wide) in paragraph at lines 20--20
[]\T1/lmtt/m/n/10.95 ##                           : Elias Teixeira Krainski <el
ias@r-inla.org>[] 
 []


Overfull \hbox (8.89047pt too wide) in paragraph at lines 20--20
[]\T1/lmtt/m/n/10.95 ##  Download-page ...........: inla.r-inla-download.org[] 

 []


Overfull \hbox (100.87021pt too wide) in paragraph at lines 20--20
[]\T1/lmtt/m/n/10.95 ##                           : r-inla-discussion-group@goo
glegroups.com[] 
 []

) [9

] [10

]pdfTeX warning (ext4): destination with the same identifier (name{implementing
-the-inla-algorithm}) has been already used, duplicate ignored
<to be read again> 
                   \relax 
l.287 \end{frame}
                 
<graphics/inla-structure.pdf, id=88, 798.985pt x 457.71pt>
File: graphics/inla-structure.pdf Graphic file (type pdf)
<use graphics/inla-structure.pdf>
Package pdftex.def Info: graphics/inla-structure.pdf  used on input line 287.
(pdftex.def)             Requested size: 307.28987pt x 176.03381pt.
 [11

 <./graphics/inla-structure.pdf>]
\openout4 = `Part2_RINLA.vrb'.

 (./Part2_RINLA.vrb
LaTeX Font Info:    Font shape `T1/lmtt/bx/n' in size <10.95> not available
(Font)              Font shape `T1/lmtt/b/n' tried instead on input line 10.
)
[12

]
\openout4 = `Part2_RINLA.vrb'.

 (./Part2_RINLA.vrb
LaTeX Font Info:    External font `lmex10' loaded for size
(Font)              <10> on input line 15.
LaTeX Font Info:    External font `lmex10' loaded for size
(Font)              <7> on input line 15.
LaTeX Font Info:    External font `lmex10' loaded for size
(Font)              <5> on input line 15.
) [13

]
\openout4 = `Part2_RINLA.vrb'.

 (./Part2_RINLA.vrb) [14

]
\openout4 = `Part2_RINLA.vrb'.

 (./Part2_RINLA.vrb)
[15

] [16

]
\openout4 = `Part2_RINLA.vrb'.

pdfTeX warning (ext4): destination with the same identifier (name{how-to-use-in
la}) has been already used, duplicate ignored
<to be read again> 
                   \relax 
l.442 \end{frame}
                  (./Part2_RINLA.vrb) [17

]
\openout4 = `Part2_RINLA.vrb'.

 (./Part2_RINLA.vrb) [18

]
\openout4 = `Part2_RINLA.vrb'.


(./Part2_RINLA.vrb) [19

]
\openout4 = `Part2_RINLA.vrb'.

 (./Part2_RINLA.vrb
LaTeX Font Info:    Font shape `T1/lmtt/bx/n' in size <10> not available
(Font)              Font shape `T1/lmtt/b/n' tried instead on input line 15.


LaTeX Font Warning: Font shape `T1/lmtt/bx/it' in size <10> not available
(Font)              Font shape `T1/lmtt/b/sl' tried instead on input line 15.

) [20

]
\openout4 = `Part2_RINLA.vrb'.

 (./Part2_RINLA.vrb) [21

]
\openout4 = `Part2_RINLA.vrb'.

 (./Part2_RINLA.vrb) [22

] [23

]pdfTeX warning (ext4): destination with the same identifier (name{simple-examp
le}) has been already used, duplicate ignored
<to be read again> 
                   \relax 
l.590 \end{frame}
                  [24

]
\openout4 = `Part2_RINLA.vrb'.

 (./Part2_RINLA.vrb) [25

]
\openout4 = `Part2_RINLA.vrb'.

 (./Part2_RINLA.vrb) [26

]
\openout4 = `Part2_RINLA.vrb'.


(./Part2_RINLA.vrb
Overfull \hbox (2.45923pt too wide) in paragraph at lines 11--11
[]\T1/lmtt/m/n/10 ##  [5] "summary.linear.predictor"  "summary.fitted.values"[]
 
 []


Overfull \hbox (23.45917pt too wide) in paragraph at lines 11--11
[]\T1/lmtt/m/n/10 ##  [7] "summary.hyperpar"          "internal.summary.hyperpa
r"[] 
 []


Overfull \hbox (11.45813pt too wide) in paragraph at lines 32--32
[]\T1/lmtt/m/n/8 ##                 mean         sd 0.025quant  0.5quant 0.975q
uant     mode[] 
 []


Overfull \hbox (11.44014pt too wide) in paragraph at lines 32--32
[]\T1/lmtt/m/n/8 ## (Intercept) 0.998189 0.02724618   0.944587 0.9981882   1.05
1745 0.998189[] 
 []


Overfull \hbox (11.45213pt too wide) in paragraph at lines 32--32
[]\T1/lmtt/m/n/8 ## x           2.011824 0.04765814   1.918065 2.0118226   2.10
5502 2.011824[] 
 []

) [27

]
\openout4 = `Part2_RINLA.vrb'.

 (./Part2_RINLA.vrb
Overfull \hbox (23.45917pt too wide) in paragraph at lines 11--11
[]\T1/lmtt/m/n/10 ##  [5] "marginals.linear.predictor"  "marginals.fitted.value
s"[] 
 []


Overfull \hbox (44.4591pt too wide) in paragraph at lines 11--11
[]\T1/lmtt/m/n/10 ##  [7] "marginals.hyperpar"          "internal.marginals.hyp
erpar"[] 
 []


Overfull \hbox (2.45923pt too wide) in paragraph at lines 11--11
[]\T1/lmtt/m/n/10 ##  [9] "marginals.spde2.blc"         "marginals.spde3.blc"[]
 
 []

) [28

]
\openout4 = `Part2_RINLA.vrb'.

 (./Part2_RINLA.vrb) [29

]
\openout4 = `Part2_RINLA.vrb'.

 (./Part2_RINLA.vrb
LaTeX Font Info:    Trying to load font information for TS1+lmtt on input line 
8.

(/usr/local/texlive/2021/texmf-dist/tex/latex/lm/ts1lmtt.fd
File: ts1lmtt.fd 2015/05/01 v1.6.1 Font defs for Latin Modern
)
<Part2_RINLA_files/figure-beamer/unnamed-chunk-25-1.pdf, id=252, 699.61375pt x 
482.80376pt>
File: Part2_RINLA_files/figure-beamer/unnamed-chunk-25-1.pdf Graphic file (type
 pdf)
<use Part2_RINLA_files/figure-beamer/unnamed-chunk-25-1.pdf>
Package pdftex.def Info: Part2_RINLA_files/figure-beamer/unnamed-chunk-25-1.pdf
  used on input line 16.
(pdftex.def)             Requested size: 184.3758pt x 127.23515pt.
) [30

 <./Part2_RINLA_files/figure-beamer/unnamed-chunk-25-1.pdf>]
\openout4 = `Part2_RINLA.vrb'.

 (./Part2_RINLA.vrb
<Part2_RINLA_files/figure-beamer/unnamed-chunk-26-1.pdf, id=267, 710.655pt x 49
3.845pt>
File: Part2_RINLA_files/figure-beamer/unnamed-chunk-26-1.pdf Graphic file (type
 pdf)
<use Part2_RINLA_files/figure-beamer/unnamed-chunk-26-1.pdf>
Package pdftex.def Info: Part2_RINLA_files/figure-beamer/unnamed-chunk-26-1.pdf
  used on input line 13.
(pdftex.def)             Requested size: 184.3758pt x 128.12538pt.
) [31

 <./Part2_RINLA_files/figure-beamer/unnamed-chunk-26-1.pdf>]
\openout4 = `Part2_RINLA.vrb'.

 (./Part2_RINLA.vrb)
[32

]
Overfull \hbox (30.51016pt too wide) in paragraph at lines 882--882
 [] 
 []

[33

] [34

]
\openout4 = `Part2_RINLA.vrb'.

pdfTeX warning (ext4): destination with the same identifier (name{add-random-ef
fects}) has been already used, duplicate ignored
<to be read again> 
                   \relax 
l.913 \end{frame}
                  (./Part2_RINLA.vrb) [35

] [36

]
\openout4 = `Part2_RINLA.vrb'.

 (./Part2_RINLA.vrb) [37

]
\openout4 = `Part2_RINLA.vrb'.


(./Part2_RINLA.vrb
<Part2_RINLA_files/figure-beamer/unnamed-chunk-33-1.pdf, id=324, 710.655pt x 49
3.845pt>
File: Part2_RINLA_files/figure-beamer/unnamed-chunk-33-1.pdf Graphic file (type
 pdf)
<use Part2_RINLA_files/figure-beamer/unnamed-chunk-33-1.pdf>
Package pdftex.def Info: Part2_RINLA_files/figure-beamer/unnamed-chunk-33-1.pdf
  used on input line 14.
(pdftex.def)             Requested size: 184.3758pt x 128.12538pt.
) [38

 <./Part2_RINLA_files/figure-beamer/unnamed-chunk-33-1.pdf>]
\openout4 = `Part2_RINLA.vrb'.

 (./Part2_RINLA.vrb
LaTeX Font Info:    Font shape `T1/lmtt/bx/n' in size <9> not available
(Font)              Font shape `T1/lmtt/b/n' tried instead on input line 13.
<Part2_RINLA_files/figure-beamer/unnamed-chunk-34-1.pdf, id=341, 699.61375pt x 
482.80376pt>
File: Part2_RINLA_files/figure-beamer/unnamed-chunk-34-1.pdf Graphic file (type
 pdf)
<use Part2_RINLA_files/figure-beamer/unnamed-chunk-34-1.pdf>
Package pdftex.def Info: Part2_RINLA_files/figure-beamer/unnamed-chunk-34-1.pdf
  used on input line 20.
(pdftex.def)             Requested size: 122.91406pt x 84.81607pt.
) [39

 <./Part2_RINLA_files/figure-beamer/unnamed-chunk-34-1.pdf>] [40

]
\openout4 = `Part2_RINLA.vrb'.

pdfTeX warning (ext4): destination with the same identifier (name{prediction}) 
has been already used, duplicate ignored
<to be read again> 
                   \relax 
l.1035 \end{frame}
                   (./Part2_RINLA.vrb) [41

]
\openout4 = `Part2_RINLA.vrb'.

 (./Part2_RINLA.vrb)
Overfull \vbox (48.05737pt too high) detected at line 1064
 []

[42

]
\openout4 = `Part2_RINLA.vrb'.

 (./Part2_RINLA.vrb
<Part2_RINLA_files/figure-beamer/unnamed-chunk-36-1.pdf, id=376, 710.655pt x 49
3.845pt>
File: Part2_RINLA_files/figure-beamer/unnamed-chunk-36-1.pdf Graphic file (type
 pdf)
<use Part2_RINLA_files/figure-beamer/unnamed-chunk-36-1.pdf>
Package pdftex.def Info: Part2_RINLA_files/figure-beamer/unnamed-chunk-36-1.pdf
  used on input line 14.
(pdftex.def)             Requested size: 184.3758pt x 128.12538pt.
) [43

 <./Part2_RINLA_files/figure-beamer/unnamed-chunk-36-1.pdf>] [44

]
\openout4 = `Part2_RINLA.vrb'.

 (./Part2_RINLA.vrb) [45

]
<Part2_RINLA_files/figure-beamer/unnamed-chunk-37-1.pdf, id=404, 712.6625pt x 4
93.845pt>
File: Part2_RINLA_files/figure-beamer/unnamed-chunk-37-1.pdf Graphic file (type
 pdf)
<use Part2_RINLA_files/figure-beamer/unnamed-chunk-37-1.pdf>
Package pdftex.def Info: Part2_RINLA_files/figure-beamer/unnamed-chunk-37-1.pdf
  used on input line 1126.
(pdftex.def)             Requested size: 184.3758pt x 127.76369pt.
 [46

 <./Part2_RINLA_files/figure-beamer/unnamed-chunk-37-1.pdf>] [47

]
\openout4 = `Part2_RINLA.vrb'.

pdfTeX warning (ext4): destination with the same identifier (name{smoothing-bin
ary-time-series}) has been already used, duplicate ignored
<to be read again> 
                   \relax 
l.1139 \end{frame}
                   (./Part2_RINLA.vrb
<Part2_RINLA_files/figure-beamer/unnamed-chunk-38-1.pdf, id=427, 710.655pt x 49
3.845pt>
File: Part2_RINLA_files/figure-beamer/unnamed-chunk-38-1.pdf Graphic file (type
 pdf)
<use Part2_RINLA_files/figure-beamer/unnamed-chunk-38-1.pdf>
Package pdftex.def Info: Part2_RINLA_files/figure-beamer/unnamed-chunk-38-1.pdf
  used on input line 7.
(pdftex.def)             Requested size: 184.3758pt x 128.12538pt.
) [48

 <./Part2_RINLA_files/figure-beamer/unnamed-chunk-38-1.pdf>]
\openout4 = `Part2_RINLA.vrb'.

 (./Part2_RINLA.vrb)
Overfull \vbox (8.99783pt too high) detected at line 1184
 []

[49

] [50

]
\openout4 = `Part2_RINLA.vrb'.

 (./Part2_RINLA.vrb) [51

]
\openout4 = `Part2_RINLA.vrb'.

 (./Part2_RINLA.vrb
<Part2_RINLA_files/figure-beamer/unnamed-chunk-42-1.pdf, id=461, 710.655pt x 49
3.845pt>
File: Part2_RINLA_files/figure-beamer/unnamed-chunk-42-1.pdf Graphic file (type
 pdf)
<use Part2_RINLA_files/figure-beamer/unnamed-chunk-42-1.pdf>
Package pdftex.def Info: Part2_RINLA_files/figure-beamer/unnamed-chunk-42-1.pdf
  used on input line 12.
(pdftex.def)             Requested size: 184.3758pt x 128.12538pt.
) [52

 <./Part2_RINLA_files/figure-beamer/unnamed-chunk-42-1.pdf>]
\openout4 = `Part2_RINLA.vrb'.

 (./Part2_RINLA.vrb
<Part2_RINLA_files/figure-beamer/unnamed-chunk-43-1.pdf, id=478, 710.655pt x 49
3.845pt>
File: Part2_RINLA_files/figure-beamer/unnamed-chunk-43-1.pdf Graphic file (type
 pdf)
<use Part2_RINLA_files/figure-beamer/unnamed-chunk-43-1.pdf>
Package pdftex.def Info: Part2_RINLA_files/figure-beamer/unnamed-chunk-43-1.pdf
  used on input line 16.
(pdftex.def)             Requested size: 184.3758pt x 128.12538pt.
) [53

 <./Part2_RINLA_files/figure-beamer/unnamed-chunk-43-1.pdf>] [54

]pdfTeX warning (ext4): destination with the same identifier (name{disease-mapp
ing}) has been already used, duplicate ignored
<to be read again> 
                   \relax 
l.1300 \end{frame}
                  
<Part2_RINLA_files/figure-beamer/unnamed-chunk-44-1.pdf, id=503, 503.8825pt x 4
18.56375pt>
File: Part2_RINLA_files/figure-beamer/unnamed-chunk-44-1.pdf Graphic file (type
 pdf)
<use Part2_RINLA_files/figure-beamer/unnamed-chunk-44-1.pdf>
Package pdftex.def Info: Part2_RINLA_files/figure-beamer/unnamed-chunk-44-1.pdf
  used on input line 1300.
(pdftex.def)             Requested size: 135.2062pt x 112.31117pt.

Overfull \hbox (12.29214pt too wide) in paragraph at lines 1300--1300
 [] 
 []

[55

 <./Part2_RINLA_files/figure-beamer/unnamed-chunk-44-1.pdf>] [56

] [57

]
<graphics/01fig-009.pdf, id=534, 578.16pt x 289.08pt>
File: graphics/01fig-009.pdf Graphic file (type pdf)
<use graphics/01fig-009.pdf>
Package pdftex.def Info: graphics/01fig-009.pdf  used on input line 1390.
(pdftex.def)             Requested size: 169.01036pt x 84.50151pt.

[58

 <./graphics/01fig-009.pdf>]
\openout4 = `Part2_RINLA.vrb'.

 (./Part2_RINLA.vrb) [59

]
<Part2_RINLA_files/figure-beamer/unnamed-chunk-47-1.pdf, id=553, 503.8825pt x 4
18.56375pt>
File: Part2_RINLA_files/figure-beamer/unnamed-chunk-47-1.pdf Graphic file (type
 pdf)
<use Part2_RINLA_files/figure-beamer/unnamed-chunk-47-1.pdf>
Package pdftex.def Info: Part2_RINLA_files/figure-beamer/unnamed-chunk-47-1.pdf
  used on input line 1417.
(pdftex.def)             Requested size: 184.3758pt x 153.1545pt.
LaTeX Font Info:    External font `lmex10' loaded for size
(Font)              <14.4> on input line 1417.
 [60

 <./Part2_RINLA_files/figure-beamer/unnamed-chunk-47-1.pdf>]
\openout4 = `Part2_RINLA.vrb'.

 (./Part2_RINLA.vrb
Overfull \hbox (102.20894pt too wide) in paragraph at lines 16--16
[]\T1/lmtt/m/n/10 ##  [1] "linear"       "iid"          "mec"          "meb"   
       "rgeneric"[] 
 []


Overfull \hbox (102.20894pt too wide) in paragraph at lines 16--16
[]\T1/lmtt/m/n/10 ##  [6] "cgeneric"     "rw1"          "rw2"          "crw2"  
       "seasonal"[] 
 []


Overfull \hbox (117.9589pt too wide) in paragraph at lines 16--16
[]\T1/lmtt/m/n/10 ## [11] "besag"        "besag2"       "bym"          "bym2"  
       "besagproper"[] 
 []


Overfull \hbox (81.209pt too wide) in paragraph at lines 16--16
[]\T1/lmtt/m/n/10 ## [16] "besagproper2" "fgn"          "fgn2"         "ar1"   
       "ar1c"[] 
 []


Overfull \hbox (102.20894pt too wide) in paragraph at lines 16--16
[]\T1/lmtt/m/n/10 ## [21] "ar"           "ou"           "intslope"     "generic
"      "generic0"[] 
 []


Overfull \hbox (86.45898pt too wide) in paragraph at lines 16--16
[]\T1/lmtt/m/n/10 ## [26] "generic1"     "generic2"     "generic3"     "spde"  
       "spde2"[] 
 []


Overfull \hbox (86.45898pt too wide) in paragraph at lines 16--16
[]\T1/lmtt/m/n/10 ## [31] "spde3"        "iid1d"        "iid2d"        "iid3d" 
       "iid4d"[] 
 []


Overfull \hbox (81.209pt too wide) in paragraph at lines 16--16
[]\T1/lmtt/m/n/10 ## [36] "iid5d"        "iidkd"        "2diid"        "z"     
       "rw2d"[] 
 []


Overfull \hbox (81.209pt too wide) in paragraph at lines 16--16
[]\T1/lmtt/m/n/10 ## [41] "rw2diid"      "slm"          "matern2d"     "dmatern
"      "copy"[] 
 []


Overfull \hbox (96.95895pt too wide) in paragraph at lines 16--16
[]\T1/lmtt/m/n/10 ## [46] "clinear"      "sigm"         "revsigm"      "log1exp
"      "logdist"[] 
 []

) [61

] [62

]
\openout4 = `Part2_RINLA.vrb'.

pdfTeX warning (ext4): destination with the same identifier (name{changing-the-
prior}) has been already used, duplicate ignored
<to be read again> 
                   \relax 
l.1467 \end{frame}
                   (./Part2_RINLA.vrb) [63

]
\openout4 = `Part2_RINLA.vrb'.

 (./Part2_RINLA.vrb) [64

] [65

]
\openout4 = `Part2_RINLA.vrb'.

pdfTeX warning (ext4): destination with the same identifier (name{repeated-pois
son-counts}) has been already used, duplicate ignored
<to be read again> 
                   \relax 
l.1516 \end{frame}
                   (./Part2_RINLA.vrb) [66

]
\openout4 = `Part2_RINLA.vrb'.

 (./Part2_RINLA.vrb) [67

]
\openout4 = `Part2_RINLA.vrb'.


(./Part2_RINLA.vrb) [68

]
\openout4 = `Part2_RINLA.vrb'.

 (./Part2_RINLA.vrb) [69

]
<graphics/results-0125.pdf, id=629, 479.7925pt x 472.76625pt>
File: graphics/results-0125.pdf Graphic file (type pdf)
<use graphics/results-0125.pdf>
Package pdftex.def Info: graphics/results-0125.pdf  used on input line 1611.
(pdftex.def)             Requested size: 215.10196pt x 211.94933pt.
 [70

 <./graphics/results-0125.pdf>]
<graphics/results-025.pdf, id=647, 477.785pt x 472.76625pt>
File: graphics/results-025.pdf Graphic file (type pdf)
<use graphics/results-025.pdf>
Package pdftex.def Info: graphics/results-025.pdf  used on input line 1619.
(pdftex.def)             Requested size: 215.10196pt x 212.83662pt.
 [71

 <./graphics/results-025.pdf>]
<graphics/results-05.pdf, id=665, 478.78876pt x 472.76625pt>
File: graphics/results-05.pdf Graphic file (type pdf)
<use graphics/results-05.pdf>
Package pdftex.def Info: graphics/results-05.pdf  used on input line 1627.
(pdftex.def)             Requested size: 215.10196pt x 212.39658pt.
 [72

 <./graphics/results-05.pdf>]
<graphics/results-2.pdf, id=683, 477.785pt x 472.76625pt>
File: graphics/results-2.pdf Graphic file (type pdf)
<use graphics/results-2.pdf>
Package pdftex.def Info: graphics/results-2.pdf  used on input line 1635.
(pdftex.def)             Requested size: 215.10196pt x 212.83662pt.

[73

 <./graphics/results-2.pdf>]
<graphics/results-4.pdf, id=703, 477.785pt x 472.76625pt>
File: graphics/results-4.pdf Graphic file (type pdf)
<use graphics/results-4.pdf>
Package pdftex.def Info: graphics/results-4.pdf  used on input line 1643.
(pdftex.def)             Requested size: 215.10196pt x 212.83662pt.
 [74

 <./graphics/results-4.pdf>]
<graphics/results-8.pdf, id=721, 477.785pt x 472.76625pt>
File: graphics/results-8.pdf Graphic file (type pdf)
<use graphics/results-8.pdf>
Package pdftex.def Info: graphics/results-8.pdf  used on input line 1651.
(pdftex.def)             Requested size: 215.10196pt x 212.83662pt.
 [75

 <./graphics/results-8.pdf>]
<graphics/results-16.pdf, id=739, 477.785pt x 472.76625pt>
File: graphics/results-16.pdf Graphic file (type pdf)
<use graphics/results-16.pdf>
Package pdftex.def Info: graphics/results-16.pdf  used on input line 1659.
(pdftex.def)             Requested size: 215.10196pt x 212.83662pt.
 [76

 <./graphics/results-16.pdf>]
<graphics/results-32.pdf, id=757, 476.78125pt x 472.76625pt>
File: graphics/results-32.pdf Graphic file (type pdf)
<use graphics/results-32.pdf>
Package pdftex.def Info: graphics/results-32.pdf  used on input line 1667.
(pdftex.def)             Requested size: 215.10196pt x 213.29109pt.
 [77

 <./graphics/results-32.pdf>]
<graphics/results-64.pdf, id=775, 475.7775pt x 472.76625pt>
File: graphics/results-64.pdf Graphic file (type pdf)
<use graphics/results-64.pdf>
Package pdftex.def Info: graphics/results-64.pdf  used on input line 1675.
(pdftex.def)             Requested size: 215.10196pt x 213.73834pt.
 [78

 <./graphics/results-64.pdf>]
<graphics/results-120.pdf, id=793, 474.77374pt x 472.76625pt>
File: graphics/results-120.pdf Graphic file (type pdf)
<use graphics/results-120.pdf>
Package pdftex.def Info: graphics/results-120.pdf  used on input line 1683.
(pdftex.def)             Requested size: 215.10196pt x 214.19283pt.
 [79

 <./graphics/results-120.pdf>] [80

]
\openout4 = `Part2_RINLA.vrb'.

pdfTeX warning (ext4): destination with the same identifier (name{control-state
ments}) has been already used, duplicate ignored
<to be read again> 
                   \relax 
l.1734 \end{frame}
                   (./Part2_RINLA.vrb
LaTeX Font Info:    External font `lmex10' loaded for size
(Font)              <9> on input line 35.
)
Overfull \vbox (27.99353pt too high) detected at line 1734
 []

[81

]
<graphics/smiley_small.jpg, id=830, 163.61125pt x 186.6975pt>
File: graphics/smiley_small.jpg Graphic file (type jpg)
<use graphics/smiley_small.jpg>
Package pdftex.def Info: graphics/smiley_small.jpg  used on input line 1748.
(pdftex.def)             Requested size: 92.1879pt x 105.19655pt.
 [82

 <./graphics/smiley_small.jpg>]
\tf@nav=\write6
\openout6 = `Part2_RINLA.nav'.

\tf@toc=\write7
\openout7 = `Part2_RINLA.toc'.

\tf@snm=\write8
\openout8 = `Part2_RINLA.snm'.

 (./Part2_RINLA.aux)

LaTeX Warning: Label(s) may have changed. Rerun to get cross-references right.

 ) 
Here is how much of TeX's memory you used:
 24151 strings out of 478994
 446504 string characters out of 5858183
 756581 words of memory out of 5000000
 40563 multiletter control sequences out of 15000+600000
 520009 words of font info for 183 fonts, out of 8000000 for 9000
 1141 hyphenation exceptions out of 8191
 131i,15n,132p,941b,588s stack positions out of 5000i,500n,10000p,200000b,80000s
{/usr/local/texlive/2021/texmf-dist/fonts/enc/dvips/lm/lm-ec.enc}{/usr/local/
texlive/2021/texmf-dist/fonts/enc/dvips/lm/lm-mathsy.enc}{/usr/local/texlive/20
21/texmf-dist/fonts/enc/dvips/lm/lm-mathit.enc}{/usr/local/texlive/2021/texmf-d
ist/fonts/enc/dvips/lm/lm-mathex.enc}{/usr/local/texlive/2021/texmf-dist/fonts/
enc/dvips/lm/lm-rm.enc}{/usr/local/texlive/2021/texmf-dist/fonts/enc/dvips/lm/l
m-ts1.enc}</usr/local/texlive/2021/texmf-dist/fonts/type1/public/lm/lmbx10.pfb>
</usr/local/texlive/2021/texmf-dist/fonts/type1/public/lm/lmbx8.pfb></usr/local
/texlive/2021/texmf-dist/fonts/type1/public/lm/lmex10.pfb></usr/local/texlive/2
021/texmf-dist/fonts/type1/public/lm/lmmi10.pfb></usr/local/texlive/2021/texmf-
dist/fonts/type1/public/lm/lmmi12.pfb></usr/local/texlive/2021/texmf-dist/fonts
/type1/public/lm/lmmi8.pfb></usr/local/texlive/2021/texmf-dist/fonts/type1/publ
ic/lm/lmmib10.pfb></usr/local/texlive/2021/texmf-dist/fonts/type1/public/lm/lmr
10.pfb></usr/local/texlive/2021/texmf-dist/fonts/type1/public/lm/lmr12.pfb></us
r/local/texlive/2021/texmf-dist/fonts/type1/public/lm/lmr7.pfb></usr/local/texl
ive/2021/texmf-dist/fonts/type1/public/lm/lmr8.pfb></usr/local/texlive/2021/tex
mf-dist/fonts/type1/public/lm/lmr9.pfb></usr/local/texlive/2021/texmf-dist/font
s/type1/public/lm/lmri10.pfb></usr/local/texlive/2021/texmf-dist/fonts/type1/pu
blic/lm/lmsy10.pfb></usr/local/texlive/2021/texmf-dist/fonts/type1/public/lm/lm
sy7.pfb></usr/local/texlive/2021/texmf-dist/fonts/type1/public/lm/lmsy8.pfb></u
sr/local/texlive/2021/texmf-dist/fonts/type1/public/lm/lmsy9.pfb></usr/local/te
xlive/2021/texmf-dist/fonts/type1/public/lm/lmtk10.pfb></usr/local/texlive/2021
/texmf-dist/fonts/type1/public/lm/lmtko10.pfb></usr/local/texlive/2021/texmf-di
st/fonts/type1/public/lm/lmtt10.pfb></usr/local/texlive/2021/texmf-dist/fonts/t
ype1/public/lm/lmtt12.pfb></usr/local/texlive/2021/texmf-dist/fonts/type1/publi
c/lm/lmtt8.pfb></usr/local/texlive/2021/texmf-dist/fonts/type1/public/lm/lmtt9.
pfb></usr/local/texlive/2021/texmf-dist/fonts/type1/public/lm/lmtti10.pfb>
Output written on Part2_RINLA.pdf (82 pages, 1146434 bytes).
PDF statistics:
 1018 PDF objects out of 1200 (max. 8388607)
 808 compressed objects within 9 object streams
 256 named destinations out of 1000 (max. 500000)
 61702 words of extra memory for PDF output out of 61914 (max. 10000000)

